<?xml version="1.0" encoding="UTF-8"?>
<testsuite xmlns:xsi="http://www.w3.org/2001/XMLSchema-instance" xsi:noNamespaceSchemaLocation="https://maven.apache.org/surefire/maven-surefire-plugin/xsd/surefire-test-report-3.0.xsd" version="3.0" name="com.github.project.AppTest" time="0.029" tests="1" errors="0" skipped="0" failures="0">
  <properties>
    <property name="java.specification.version" value="20"/>
    <property name="sun.cpu.isalist" value="amd64"/>
    <property name="sun.jnu.encoding" value="Cp1252"/>
    <property name="java.class.path" value="C:\Users\bagar\OneDrive\my-project\target\test-classes;C:\Users\bagar\OneDrive\my-project\target\classes;C:\Users\bagar\.m2\repository\junit\junit\4.12\junit-4.12.jar;C:\Users\bagar\.m2\repository\org\hamcrest\hamcrest-core\1.3\hamcrest-core-1.3.jar;C:\Users\bagar\.m2\repository\com\github\javaparser\javaparser-core\3.24.2\javaparser-core-3.24.2.jar;C:\Users\bagar\.m2\repository\org\python\jython-standalone\2.7.3\jython-standalone-2.7.3.jar;C:\Users\bagar\.m2\repository\org\eclipse\jgit\org.eclipse.jgit\5.10.0.202012080955-r\org.eclipse.jgit-5.10.0.202012080955-r.jar;C:\Users\bagar\.m2\repository\com\googlecode\javaewah\JavaEWAH\1.1.7\JavaEWAH-1.1.7.jar;C:\Users\bagar\.m2\repository\org\slf4j\slf4j-api\1.7.32\slf4j-api-1.7.32.jar;"/>
    <property name="java.vm.vendor" value="Oracle Corporation"/>
    <property name="sun.arch.data.model" value="64"/>
    <property name="user.variant" value=""/>
    <property name="java.vendor.url" value="https://java.oracle.com/"/>
    <property name="user.timezone" value="Asia/Calcutta"/>
    <property name="os.name" value="Windows 11"/>
    <property name="java.vm.specification.version" value="20"/>
    <property name="sun.java.launcher" value="SUN_STANDARD"/>
    <property name="user.country" value="IN"/>
    <property name="sun.boot.library.path" value="C:\Program Files\Java\jdk-20\bin"/>
    <property name="sun.java.command" value="C:\Users\bagar\AppData\Local\Temp\surefire2242183229454102391\surefirebooter-20240316164815714_3.jar C:\Users\bagar\AppData\Local\Temp\surefire2242183229454102391 2024-03-16T16-48-15_220-jvmRun1 surefire-20240316164815714_1tmp surefire_0-20240316164815714_2tmp"/>
    <property name="jdk.debug" value="release"/>
    <property name="surefire.test.class.path" value="C:\Users\bagar\OneDrive\my-project\target\test-classes;C:\Users\bagar\OneDrive\my-project\target\classes;C:\Users\bagar\.m2\repository\junit\junit\4.12\junit-4.12.jar;C:\Users\bagar\.m2\repository\org\hamcrest\hamcrest-core\1.3\hamcrest-core-1.3.jar;C:\Users\bagar\.m2\repository\com\github\javaparser\javaparser-core\3.24.2\javaparser-core-3.24.2.jar;C:\Users\bagar\.m2\repository\org\python\jython-standalone\2.7.3\jython-standalone-2.7.3.jar;C:\Users\bagar\.m2\repository\org\eclipse\jgit\org.eclipse.jgit\5.10.0.202012080955-r\org.eclipse.jgit-5.10.0.202012080955-r.jar;C:\Users\bagar\.m2\repository\com\googlecode\javaewah\JavaEWAH\1.1.7\JavaEWAH-1.1.7.jar;C:\Users\bagar\.m2\repository\org\slf4j\slf4j-api\1.7.32\slf4j-api-1.7.32.jar;"/>
    <property name="sun.cpu.endian" value="little"/>
    <property name="user.home" value="C:\Users\bagar"/>
    <property name="user.language" value="en"/>
    <property name="java.specification.vendor" value="Oracle Corporation"/>
    <property name="java.version.date" value="2023-07-18"/>
    <property name="java.home" value="C:\Program Files\Java\jdk-20"/>
    <property name="file.separator" value="\"/>
    <property name="basedir" value="C:\Users\bagar\OneDrive\my-project"/>
    <property name="java.vm.compressedOopsMode" value="Zero based"/>
    <property name="line.separator" value="&#10;"/>
    <property name="java.vm.specification.vendor" value="Oracle Corporation"/>
    <property name="java.specification.name" value="Java Platform API Specification"/>
    <property name="surefire.real.class.path" value="C:\Users\bagar\AppData\Local\Temp\surefire2242183229454102391\surefirebooter-20240316164815714_3.jar"/>
    <property name="user.script" value=""/>
    <property name="sun.management.compiler" value="HotSpot 64-Bit Tiered Compilers"/>
    <property name="java.runtime.version" value="20.0.2+9-78"/>
    <property name="user.name" value="bagar"/>
    <property name="stdout.encoding" value="Cp1252"/>
    <property name="path.separator" value=";"/>
    <property name="os.version" value="10.0"/>
    <property name="java.runtime.name" value="Java(TM) SE Runtime Environment"/>
    <property name="file.encoding" value="UTF-8"/>
    <property name="java.vm.name" value="Java HotSpot(TM) 64-Bit Server VM"/>
    <property name="localRepository" value="C:\Users\bagar\.m2\repository"/>
    <property name="java.vendor.url.bug" value="https://bugreport.java.com/bugreport/"/>
    <property name="java.io.tmpdir" value="C:\Users\bagar\AppData\Local\Temp\"/>
    <property name="java.version" value="20.0.2"/>
    <property name="user.dir" value="C:\Users\bagar\OneDrive\my-project"/>
    <property name="os.arch" value="amd64"/>
    <property name="java.vm.specification.name" value="Java Virtual Machine Specification"/>
    <property name="sun.os.patch.level" value=""/>
    <property name="native.encoding" value="Cp1252"/>
    <property name="java.library.path" value="C:\Program Files\Java\jdk-20\bin;C:\Windows\Sun\Java\bin;C:\Windows\system32;C:\Windows;C:\Program Files\Common Files\Oracle\Java\javapath;C:\Windows\system32;C:\Windows;C:\Windows\System32\Wbem;C:\Windows\System32\WindowsPowerShell\v1.0\;C:\Windows\System32\OpenSSH\;C:\MinGW\bin;C:\Program Files\Git\cmd;C:\Program Files\nodejs\;C:\ProgramData\chocolatey\bin;C:\Program Files\Java\jdk-20\bin;C:\Program Files\Go\bin;C:\Program Files\Docker\Docker\resources\bin;C:\Program Files\Kubernetes\Minikube;C:\Users\bagar\OneDrive\apache-maven-3.9.6\bin;C:\Program Files\MySQL\MySQL Shell 8.0\bin\;C:\Users\bagar\AppData\Local\Programs\Python\Launcher\;C:\Users\bagar\AppData\Local\Programs\Python\Python37\Scripts\;C:\Users\bagar\AppData\Local\Programs\Python\Python37\;C:\Users\bagar\AppData\Local\Programs\Python\Python311\Scripts\;C:\Users\bagar\AppData\Local\Programs\Python\Python311\;C:\Users\bagar\AppData\Local\Microsoft\WindowsApps;C:\Users\bagar\AppData\Local\Programs\Microsoft VS Code\bin;C:\Users\bagar\AppData\Roaming\npm;C:\Users\bagar\AppData\Roaming\TinyTeX\bin\windows;C:\Users\bagar\go\bin;;."/>
    <property name="java.vm.info" value="mixed mode, sharing"/>
    <property name="stderr.encoding" value="Cp1252"/>
    <property name="java.vendor" value="Oracle Corporation"/>
    <property name="java.vm.version" value="20.0.2+9-78"/>
    <property name="sun.io.unicode.encoding" value="UnicodeLittle"/>
    <property name="java.class.version" value="64.0"/>
  </properties>
  <testcase name="testApp" classname="com.github.project.AppTest" time="0.001"/>
</testsuite>